# JRE version: OpenJDK Runtime Environment (17.0.10) (build 17.0.10+0--11609105)
# Java VM: OpenJDK 64-Bit Server VM (17.0.10+0--11609105, mixed mode, tiered, compressed oops, compressed class ptrs, g1 gc, windows-amd64)
GC Precious Log:
 CPUs: 12 total, 12 available
 Memory: 7903M
 Large Page Support: Disabled
 NUMA Support: Disabled
 Compressed Oops: Enabled (32-bit)
 Heap Region Size: 1M
 Heap Min Capacity: 8M
 Heap Initial Capacity: 124M
 Heap Max Capacity: 2G
 Pre-touch: Disabled
 Parallel Workers: 10
 Concurrent Workers: 3
 Concurrent Refinement Workers: 10
 Periodic GC: Disabled
Heap:
 garbage-first heap   total 75776K, used 36248K [0x0000000080000000, 0x0000000100000000)
  region size 1024K, 2 young (2048K), 2 survivors (2048K)
 Metaspace       used 55090K, committed 55616K, reserved 1114112K
  class space    used 7613K, committed 7872K, reserved 1048576K
GC Heap History (20 events):
Event: 3.281 GC heap after
{Heap after GC invocations=5 (full 0):
 garbage-first heap   total 68608K, used 21070K [0x0000000080000000, 0x0000000100000000)
  region size 1024K, 3 young (3072K), 3 survivors (3072K)
 Metaspace       used 26281K, committed 26560K, reserved 1114112K
  class space    used 3386K, committed 3520K, reserved 1048576K
}
Event: 4.406 GC heap before
{Heap before GC invocations=5 (full 0):
 garbage-first heap   total 68608K, used 46670K [0x0000000080000000, 0x0000000100000000)
  region size 1024K, 29 young (29696K), 3 survivors (3072K)
 Metaspace       used 29719K, committed 30016K, reserved 1114112K
  class space    used 3963K, committed 4096K, reserved 1048576K
}
Event: 4.409 GC heap after
{Heap after GC invocations=6 (full 0):
 garbage-first heap   total 68608K, used 22384K [0x0000000080000000, 0x0000000100000000)
  region size 1024K, 4 young (4096K), 4 survivors (4096K)
 Metaspace       used 29719K, committed 30016K, reserved 1114112K
  class space    used 3963K, committed 4096K, reserved 1048576K
}
Event: 5.054 GC heap before
{Heap before GC invocations=6 (full 0):
 garbage-first heap   total 68608K, used 47984K [0x0000000080000000, 0x0000000100000000)
  region size 1024K, 30 young (30720K), 4 survivors (4096K)
 Metaspace       used 33065K, committed 33408K, reserved 1114112K
  class space    used 4521K, committed 4672K, reserved 1048576K
}
Event: 5.058 GC heap after
{Heap after GC invocations=7 (full 0):
 garbage-first heap   total 68608K, used 23647K [0x0000000080000000, 0x0000000100000000)
  region size 1024K, 3 young (3072K), 3 survivors (3072K)
 Metaspace       used 33065K, committed 33408K, reserved 1114112K
  class space    used 4521K, committed 4672K, reserved 1048576K
}
Event: 5.381 GC heap before
{Heap before GC invocations=7 (full 0):
 garbage-first heap   total 68608K, used 40031K [0x0000000080000000, 0x0000000100000000)
  region size 1024K, 20 young (20480K), 3 survivors (3072K)
 Metaspace       used 35703K, committed 35968K, reserved 1114112K
  class space    used 4898K, committed 4992K, reserved 1048576K
}
Event: 5.386 GC heap after
{Heap after GC invocations=8 (full 0):
 garbage-first heap   total 68608K, used 24182K [0x0000000080000000, 0x0000000100000000)
  region size 1024K, 2 young (2048K), 2 survivors (2048K)
 Metaspace       used 35703K, committed 35968K, reserved 1114112K
  class space    used 4898K, committed 4992K, reserved 1048576K
}
Event: 5.958 GC heap before
{Heap before GC invocations=9 (full 0):
 garbage-first heap   total 68608K, used 50806K [0x0000000080000000, 0x0000000100000000)
  region size 1024K, 29 young (29696K), 2 survivors (2048K)
 Metaspace       used 41218K, committed 41536K, reserved 1114112K
  class space    used 5471K, committed 5632K, reserved 1048576K
}
Event: 5.962 GC heap after
{Heap after GC invocations=10 (full 0):
 garbage-first heap   total 68608K, used 27876K [0x0000000080000000, 0x0000000100000000)
  region size 1024K, 4 young (4096K), 4 survivors (4096K)
 Metaspace       used 41218K, committed 41536K, reserved 1114112K
  class space    used 5471K, committed 5632K, reserved 1048576K
}
Event: 6.222 GC heap before
{Heap before GC invocations=10 (full 0):
 garbage-first heap   total 68608K, used 52452K [0x0000000080000000, 0x0000000100000000)
  region size 1024K, 28 young (28672K), 4 survivors (4096K)
 Metaspace       used 42310K, committed 42688K, reserved 1114112K
  class space    used 5647K, committed 5824K, reserved 1048576K
}
Event: 6.227 GC heap after
{Heap after GC invocations=11 (full 0):
 garbage-first heap   total 68608K, used 30061K [0x0000000080000000, 0x0000000100000000)
  region size 1024K, 3 young (3072K), 3 survivors (3072K)
 Metaspace       used 42310K, committed 42688K, reserved 1114112K
  class space    used 5647K, committed 5824K, reserved 1048576K
}
Event: 6.653 GC heap before
{Heap before GC invocations=11 (full 0):
 garbage-first heap   total 68608K, used 52589K [0x0000000080000000, 0x0000000100000000)
  region size 1024K, 25 young (25600K), 3 survivors (3072K)
 Metaspace       used 44501K, committed 44928K, reserved 1114112K
  class space    used 5992K, committed 6208K, reserved 1048576K
}
Event: 6.656 GC heap after
{Heap after GC invocations=12 (full 0):
 garbage-first heap   total 68608K, used 31642K [0x0000000080000000, 0x0000000100000000)
  region size 1024K, 4 young (4096K), 4 survivors (4096K)
 Metaspace       used 44501K, committed 44928K, reserved 1114112K
  class space    used 5992K, committed 6208K, reserved 1048576K
}
Event: 7.088 GC heap before
{Heap before GC invocations=12 (full 0):
 garbage-first heap   total 68608K, used 53146K [0x0000000080000000, 0x0000000100000000)
  region size 1024K, 25 young (25600K), 4 survivors (4096K)
 Metaspace       used 47166K, committed 47616K, reserved 1114112K
  class space    used 6443K, committed 6656K, reserved 1048576K
}
Event: 7.091 GC heap after
{Heap after GC invocations=13 (full 0):
 garbage-first heap   total 68608K, used 32845K [0x0000000080000000, 0x0000000100000000)
  region size 1024K, 3 young (3072K), 3 survivors (3072K)
 Metaspace       used 47166K, committed 47616K, reserved 1114112K
  class space    used 6443K, committed 6656K, reserved 1048576K
}
Event: 7.918 GC heap before
{Heap before GC invocations=13 (full 0):
 garbage-first heap   total 68608K, used 54349K [0x0000000080000000, 0x0000000100000000)
  region size 1024K, 24 young (24576K), 3 survivors (3072K)
 Metaspace       used 50100K, committed 50496K, reserved 1114112K
  class space    used 6902K, committed 7104K, reserved 1048576K
}
Event: 7.922 GC heap after
{Heap after GC invocations=14 (full 0):
 garbage-first heap   total 68608K, used 34258K [0x0000000080000000, 0x0000000100000000)
  region size 1024K, 3 young (3072K), 3 survivors (3072K)
 Metaspace       used 50100K, committed 50496K, reserved 1114112K
  class space    used 6902K, committed 7104K, reserved 1048576K
}
Event: 8.278 GC heap before
{Heap before GC invocations=14 (full 0):
 garbage-first heap   total 68608K, used 51666K [0x0000000080000000, 0x0000000100000000)
  region size 1024K, 22 young (22528K), 3 survivors (3072K)
 Metaspace       used 52278K, committed 52736K, reserved 1114112K
  class space    used 7270K, committed 7488K, reserved 1048576K
}
Event: 8.282 GC heap after
{Heap after GC invocations=15 (full 0):
 garbage-first heap   total 68608K, used 35565K [0x0000000080000000, 0x0000000100000000)
  region size 1024K, 3 young (3072K), 3 survivors (3072K)
 Metaspace       used 52278K, committed 52736K, reserved 1114112K
  class space    used 7270K, committed 7488K, reserved 1048576K
}
Event: 8.897 GC heap before
{Heap before GC invocations=16 (full 0):
 garbage-first heap   total 68608K, used 56045K [0x0000000080000000, 0x0000000100000000)
  region size 1024K, 22 young (22528K), 3 survivors (3072K)
 Metaspace       used 55090K, committed 55616K, reserved 1114112K
  class space    used 7613K, committed 7872K, reserved 1048576K
}

